Incoming data:
--------------
Pages In Production   : 344
Sections In Production: 8
General Page Offset   : 1
Collection mode       : 0 (Consecutive sections)
Consecutive Numbering : 0
Creep setting         : 100.0000

Section               : 1 of 8
  Pages in section    : 48
  Binding style       : 0 (Saddle stitched)
  Flats In Section    : 3
  Starting Pagenumber : 1
  Halfweb page 1      : 0
  Halfweb page 2      : 0

  Flat                : 1 of 3
    Dual sided        : 1
    Pages per side    : 8
    Full Signature    : 5  12  9  8  4  13  16  1  7  10  11  6  2  15  14  3  
    Half Signature    : 0  0  5  4  0  0  8  1  3  6  0  0  2  7  0  0  

  Flat                : 2 of 3
    Dual sided        : 1
    Pages per side    : 8
    Full Signature    : 5  12  9  8  4  13  16  1  7  10  11  6  2  15  14  3  
    Half Signature    : 0  0  5  4  0  0  8  1  3  6  0  0  2  7  0  0  

  Flat                : 3 of 3
    Dual sided        : 1
    Pages per side    : 8
    Full Signature    : 5  12  9  8  4  13  16  1  7  10  11  6  2  15  14  3  
    Half Signature    : 0  0  5  4  0  0  8  1  3  6  0  0  2  7  0  0  

Section               : 2 of 8
  Pages in section    : 48
  Binding style       : 0 (Saddle stitched)
  Flats In Section    : 3
  Starting Pagenumber : 1
  Halfweb page 1      : 0
  Halfweb page 2      : 0

  Flat                : 1 of 3
    Dual sided        : 1
    Pages per side    : 8
    Full Signature    : 5  12  9  8  4  13  16  1  7  10  11  6  2  15  14  3  
    Half Signature    : 0  0  5  4  0  0  8  1  3  6  0  0  2  7  0  0  

  Flat                : 2 of 3
    Dual sided        : 1
    Pages per side    : 8
    Full Signature    : 5  12  9  8  4  13  16  1  7  10  11  6  2  15  14  3  
    Half Signature    : 0  0  5  4  0  0  8  1  3  6  0  0  2  7  0  0  

  Flat                : 3 of 3
    Dual sided        : 1
    Pages per side    : 8
    Full Signature    : 5  12  9  8  4  13  16  1  7  10  11  6  2  15  14  3  
    Half Signature    : 0  0  5  4  0  0  8  1  3  6  0  0  2  7  0  0  

Section               : 3 of 8
  Pages in section    : 48
  Binding style       : 0 (Saddle stitched)
  Flats In Section    : 3
  Starting Pagenumber : 1
  Halfweb page 1      : 0
  Halfweb page 2      : 0

  Flat                : 1 of 3
    Dual sided        : 1
    Pages per side    : 8
    Full Signature    : 5  12  9  8  4  13  16  1  7  10  11  6  2  15  14  3  
    Half Signature    : 0  0  5  4  0  0  8  1  3  6  0  0  2  7  0  0  

  Flat                : 2 of 3
    Dual sided        : 1
    Pages per side    : 8
    Full Signature    : 5  12  9  8  4  13  16  1  7  10  11  6  2  15  14  3  
    Half Signature    : 0  0  5  4  0  0  8  1  3  6  0  0  2  7  0  0  

  Flat                : 3 of 3
    Dual sided        : 1
    Pages per side    : 8
    Full Signature    : 5  12  9  8  4  13  16  1  7  10  11  6  2  15  14  3  
    Half Signature    : 0  0  5  4  0  0  8  1  3  6  0  0  2  7  0  0  

Section               : 4 of 8
  Pages in section    : 48
  Binding style       : 0 (Saddle stitched)
  Flats In Section    : 3
  Starting Pagenumber : 1
  Halfweb page 1      : 0
  Halfweb page 2      : 0

  Flat                : 1 of 3
    Dual sided        : 1
    Pages per side    : 8
    Full Signature    : 5  12  9  8  4  13  16  1  7  10  11  6  2  15  14  3  
    Half Signature    : 0  0  5  4  0  0  8  1  3  6  0  0  2  7  0  0  

  Flat                : 2 of 3
    Dual sided        : 1
    Pages per side    : 8
    Full Signature    : 5  12  9  8  4  13  16  1  7  10  11  6  2  15  14  3  
    Half Signature    : 0  0  5  4  0  0  8  1  3  6  0  0  2  7  0  0  

  Flat                : 3 of 3
    Dual sided        : 1
    Pages per side    : 8
    Full Signature    : 5  12  9  8  4  13  16  1  7  10  11  6  2  15  14  3  
    Half Signature    : 0  0  5  4  0  0  8  1  3  6  0  0  2  7  0  0  

Section               : 5 of 8
  Pages in section    : 48
  Binding style       : 0 (Saddle stitched)
  Flats In Section    : 3
  Starting Pagenumber : 1
  Halfweb page 1      : 0
  Halfweb page 2      : 0

  Flat                : 1 of 3
    Dual sided        : 1
    Pages per side    : 8
    Full Signature    : 5  12  9  8  4  13  16  1  7  10  11  6  2  15  14  3  
    Half Signature    : 0  0  5  4  0  0  8  1  3  6  0  0  2  7  0  0  

  Flat                : 2 of 3
    Dual sided        : 1
    Pages per side    : 8
    Full Signature    : 5  12  9  8  4  13  16  1  7  10  11  6  2  15  14  3  
    Half Signature    : 0  0  5  4  0  0  8  1  3  6  0  0  2  7  0  0  

  Flat                : 3 of 3
    Dual sided        : 1
    Pages per side    : 8
    Full Signature    : 5  12  9  8  4  13  16  1  7  10  11  6  2  15  14  3  
    Half Signature    : 0  0  5  4  0  0  8  1  3  6  0  0  2  7  0  0  

Section               : 6 of 8
  Pages in section    : 40
  Binding style       : 0 (Saddle stitched)
  Flats In Section    : 3
  Starting Pagenumber : 1
  Halfweb page 1      : 1
  Halfweb page 2      : 0

  Flat                : 1 of 3
    Dual sided        : 1
    Pages per side    : 8
    Full Signature    : 5  12  9  8  4  13  16  1  7  10  11  6  2  15  14  3  
    Half Signature    : 0  0  5  4  0  0  8  1  3  6  0  0  2  7  0  0  

  Flat                : 2 of 3
    Dual sided        : 1
    Pages per side    : 8
    Full Signature    : 5  12  9  8  4  13  16  1  7  10  11  6  2  15  14  3  
    Half Signature    : 0  0  5  4  0  0  8  1  3  6  0  0  2  7  0  0  

  Flat                : 3 of 3
    Dual sided        : 1
    Pages per side    : 8
    Full Signature    : 5  12  9  8  4  13  16  1  7  10  11  6  2  15  14  3  
    Half Signature    : 0  0  5  4  0  0  8  1  3  6  0  0  2  7  0  0  

Section               : 7 of 8
  Pages in section    : 32
  Binding style       : 0 (Saddle stitched)
  Flats In Section    : 2
  Starting Pagenumber : 1
  Halfweb page 1      : 0
  Halfweb page 2      : 0

  Flat                : 1 of 2
    Dual sided        : 1
    Pages per side    : 8
    Full Signature    : 5  12  9  8  4  13  16  1  7  10  11  6  2  15  14  3  
    Half Signature    : 0  0  5  4  0  0  8  1  3  6  0  0  2  7  0  0  

  Flat                : 2 of 2
    Dual sided        : 1
    Pages per side    : 8
    Full Signature    : 5  12  9  8  4  13  16  1  7  10  11  6  2  15  14  3  
    Half Signature    : 0  0  5  4  0  0  8  1  3  6  0  0  2  7  0  0  

Section               : 8 of 8
  Pages in section    : 32
  Binding style       : 0 (Saddle stitched)
  Flats In Section    : 2
  Starting Pagenumber : 1
  Halfweb page 1      : 1
  Halfweb page 2      : 0

  Flat                : 1 of 2
    Dual sided        : 1
    Pages per side    : 8
    Full Signature    : 5  12  9  8  4  13  16  1  7  10  11  6  2  15  14  3  
    Half Signature    : 0  0  5  4  0  0  8  1  3  6  0  0  2  7  0  0  

  Flat                : 2 of 2
    Dual sided        : 1
    Pages per side    : 8
    Full Signature    : 5  12  9  8  4  13  16  1  7  10  11  6  2  15  14  3  
    Half Signature    : 0  0  5  4  0  0  8  1  3  6  0  0  2  7  0  0  


Outgoing data:
--------------
Pages In Production   : 344
Sections In Production: 8
General Page Offset   : 1
Collection mode       : 0 (Consecutive sections)
Consecutive Numbering : 0
Creep setting         : 100.0000

Section               : 1 of 8
  Pages in section    : 48
  Binding style       : 0 (Saddle stitched)
  Flats In Section    : 3
  Starting Pagenumber : 1
  Halfweb page 1      : 0
  Halfweb page 2      : 0

  Flat                : 1 of 3
    Dual sided        : 1
    Pages per side    : 8
    Pages             : 13  36  25  24  12  37  48  1  23  26  35  14  2  47  38  11  
    Creep             : -11.00  11.00  0.00  0.00  12.00  -12.00  23.00  -23.00  -1.00  1.00  -10.00  10.00  22.00  -22.00  13.00  -13.00  

  Flat                : 2 of 3
    Dual sided        : 1
    Pages per side    : 8
    Pages             : 15  34  27  22  10  39  46  3  21  28  33  16  4  45  40  9  
    Creep             : -9.00  9.00  -2.00  2.00  14.00  -14.00  21.00  -21.00  -3.00  3.00  -8.00  8.00  20.00  -20.00  15.00  -15.00  

  Flat                : 3 of 3
    Dual sided        : 1
    Pages per side    : 8
    Pages             : 17  32  29  20  8  41  44  5  19  30  31  18  6  43  42  7  
    Creep             : -7.00  7.00  -4.00  4.00  16.00  -16.00  19.00  -19.00  -5.00  5.00  -6.00  6.00  18.00  -18.00  17.00  -17.00  

Section               : 2 of 8
  Pages in section    : 48
  Binding style       : 0 (Saddle stitched)
  Flats In Section    : 3
  Starting Pagenumber : 1
  Halfweb page 1      : 0
  Halfweb page 2      : 0

  Flat                : 1 of 3
    Dual sided        : 1
    Pages per side    : 8
    Pages             : 13  36  25  24  12  37  48  1  23  26  35  14  2  47  38  11  
    Creep             : -59.00  36.00  -47.00  48.00  60.00  -35.00  24.00  -71.00  -49.00  46.00  -37.00  58.00  70.00  -25.00  34.00  -61.00  

  Flat                : 2 of 3
    Dual sided        : 1
    Pages per side    : 8
    Pages             : 15  34  27  22  10  39  46  3  21  28  33  16  4  45  40  9  
    Creep             : -57.00  38.00  -45.00  50.00  62.00  -33.00  26.00  -69.00  -51.00  44.00  -39.00  56.00  68.00  -27.00  32.00  -63.00  

  Flat                : 3 of 3
    Dual sided        : 1
    Pages per side    : 8
    Pages             : 17  32  29  20  8  41  44  5  19  30  31  18  6  43  42  7  
    Creep             : -55.00  40.00  -43.00  52.00  64.00  -31.00  28.00  -67.00  -53.00  42.00  -41.00  54.00  66.00  -29.00  30.00  -65.00  

Section               : 3 of 8
  Pages in section    : 48
  Binding style       : 0 (Saddle stitched)
  Flats In Section    : 3
  Starting Pagenumber : 1
  Halfweb page 1      : 0
  Halfweb page 2      : 0

  Flat                : 1 of 3
    Dual sided        : 1
    Pages per side    : 8
    Pages             : 13  36  25  24  12  37  48  1  23  26  35  14  2  47  38  11  
    Creep             : -107.00  84.00  -95.00  96.00  108.00  -83.00  72.00  -119.00  -97.00  94.00  -85.00  106.00  118.00  -73.00  82.00  -109.00  

  Flat                : 2 of 3
    Dual sided        : 1
    Pages per side    : 8
    Pages             : 15  34  27  22  10  39  46  3  21  28  33  16  4  45  40  9  
    Creep             : -105.00  86.00  -93.00  98.00  110.00  -81.00  74.00  -117.00  -99.00  92.00  -87.00  104.00  116.00  -75.00  80.00  -111.00  

  Flat                : 3 of 3
    Dual sided        : 1
    Pages per side    : 8
    Pages             : 17  32  29  20  8  41  44  5  19  30  31  18  6  43  42  7  
    Creep             : -103.00  88.00  -91.00  100.00  112.00  -79.00  76.00  -115.00  -101.00  90.00  -89.00  102.00  114.00  -77.00  78.00  -113.00  

Section               : 4 of 8
  Pages in section    : 48
  Binding style       : 0 (Saddle stitched)
  Flats In Section    : 3
  Starting Pagenumber : 1
  Halfweb page 1      : 0
  Halfweb page 2      : 0

  Flat                : 1 of 3
    Dual sided        : 1
    Pages per side    : 8
    Pages             : 13  36  25  24  12  37  48  1  23  26  35  14  2  47  38  11  
    Creep             : -155.00  132.00  -143.00  144.00  156.00  -131.00  120.00  -167.00  -145.00  142.00  -133.00  154.00  166.00  -121.00  130.00  -157.00  

  Flat                : 2 of 3
    Dual sided        : 1
    Pages per side    : 8
    Pages             : 15  34  27  22  10  39  46  3  21  28  33  16  4  45  40  9  
    Creep             : -153.00  134.00  -141.00  146.00  158.00  -129.00  122.00  -165.00  -147.00  140.00  -135.00  152.00  164.00  -123.00  128.00  -159.00  

  Flat                : 3 of 3
    Dual sided        : 1
    Pages per side    : 8
    Pages             : 17  32  29  20  8  41  44  5  19  30  31  18  6  43  42  7  
    Creep             : -151.00  136.00  -139.00  148.00  160.00  -127.00  124.00  -163.00  -149.00  138.00  -137.00  150.00  162.00  -125.00  126.00  -161.00  

Section               : 5 of 8
  Pages in section    : 48
  Binding style       : 0 (Saddle stitched)
  Flats In Section    : 3
  Starting Pagenumber : 1
  Halfweb page 1      : 0
  Halfweb page 2      : 0

  Flat                : 1 of 3
    Dual sided        : 1
    Pages per side    : 8
    Pages             : 13  36  25  24  12  37  48  1  23  26  35  14  2  47  38  11  
    Creep             : -203.00  180.00  -191.00  192.00  204.00  -179.00  168.00  -215.00  -193.00  190.00  -181.00  202.00  214.00  -169.00  178.00  -205.00  

  Flat                : 2 of 3
    Dual sided        : 1
    Pages per side    : 8
    Pages             : 15  34  27  22  10  39  46  3  21  28  33  16  4  45  40  9  
    Creep             : -201.00  182.00  -189.00  194.00  206.00  -177.00  170.00  -213.00  -195.00  188.00  -183.00  200.00  212.00  -171.00  176.00  -207.00  

  Flat                : 3 of 3
    Dual sided        : 1
    Pages per side    : 8
    Pages             : 17  32  29  20  8  41  44  5  19  30  31  18  6  43  42  7  
    Creep             : -199.00  184.00  -187.00  196.00  208.00  -175.00  172.00  -211.00  -197.00  186.00  -185.00  198.00  210.00  -173.00  174.00  -209.00  

Section               : 6 of 8
  Pages in section    : 40
  Binding style       : 0 (Saddle stitched)
  Flats In Section    : 3
  Starting Pagenumber : 1
  Halfweb page 1      : 1
  Halfweb page 2      : 0

  Flat                : 1 of 3
    Dual sided        : 1
    Pages per side    : 8
    Pages             : 0  0  21  20  0  0  40  1  19  22  0  0  2  39  0  0  
    Creep             : 0.00  0.00  -239.00  240.00  0.00  0.00  220.00  -259.00  -241.00  238.00  0.00  0.00  258.00  -221.00  0.00  0.00  

  Flat                : 2 of 3
    Dual sided        : 1
    Pages per side    : 8
    Pages             : 11  30  23  18  10  31  38  3  17  24  29  12  4  37  32  9  
    Creep             : -249.00  230.00  -237.00  242.00  250.00  -229.00  222.00  -257.00  -243.00  236.00  -231.00  248.00  256.00  -223.00  228.00  -251.00  

  Flat                : 3 of 3
    Dual sided        : 1
    Pages per side    : 8
    Pages             : 13  28  25  16  8  33  36  5  15  26  27  14  6  35  34  7  
    Creep             : -247.00  232.00  -235.00  244.00  252.00  -227.00  224.00  -255.00  -245.00  234.00  -233.00  246.00  254.00  -225.00  226.00  -253.00  

Section               : 7 of 8
  Pages in section    : 32
  Binding style       : 0 (Saddle stitched)
  Flats In Section    : 2
  Starting Pagenumber : 1
  Halfweb page 1      : 0
  Halfweb page 2      : 0

  Flat                : 1 of 2
    Dual sided        : 1
    Pages per side    : 8
    Pages             : 9  24  17  16  8  25  32  1  15  18  23  10  2  31  26  7  
    Creep             : -287.00  272.00  -279.00  280.00  288.00  -271.00  264.00  -295.00  -281.00  278.00  -273.00  286.00  294.00  -265.00  270.00  -289.00  

  Flat                : 2 of 2
    Dual sided        : 1
    Pages per side    : 8
    Pages             : 11  22  19  14  6  27  30  3  13  20  21  12  4  29  28  5  
    Creep             : -285.00  274.00  -277.00  282.00  290.00  -269.00  266.00  -293.00  -283.00  276.00  -275.00  284.00  292.00  -267.00  268.00  -291.00  

Section               : 8 of 8
  Pages in section    : 32
  Binding style       : 0 (Saddle stitched)
  Flats In Section    : 2
  Starting Pagenumber : 1
  Halfweb page 1      : 0
  Halfweb page 2      : 0

  Flat                : 1 of 2
    Dual sided        : 1
    Pages per side    : 8
    Pages             : 9  24  17  16  8  25  32  1  15  18  23  10  2  31  26  7  
    Creep             : -319.00  304.00  -311.00  312.00  320.00  -303.00  296.00  -327.00  -313.00  310.00  -305.00  318.00  326.00  -297.00  302.00  -321.00  

  Flat                : 2 of 2
    Dual sided        : 1
    Pages per side    : 8
    Pages             : 11  22  19  14  6  27  30  3  13  20  21  12  4  29  28  5  
    Creep             : -317.00  306.00  -309.00  314.00  322.00  -301.00  298.00  -325.00  -315.00  308.00  -307.00  316.00  324.00  -299.00  300.00  -323.00  
