[29-07-2014 22:51:05.614] INFO:  SELECT DISTINCT PublicationID,PressID,TemplateID,Copies,Markgroups,FanOut,Priority,ISNULL(RipSetup,''),ISNULL(StackPosition,''),ISNULL(MiscInt,0),ISNULL(MiscString,''),ISNULL(DeviceID,0),ISNULL(Hold,0),ISNULL(TxName,''),ISNULL(InsertedSections,0), ISNULL(PressSpecific,0),ISNULL(PaginationMode,0),ISNULL(SeparateRuns,0) FROM PublicationTemplates WITH (NOLOCK) WHERE PressID>0 ORDER BY PublicationID,PressID
[29-07-2014 22:51:09.803] INFO: CConfigPublicationDefaults::OnInitDialog() 0
[29-07-2014 22:52:36.811] INFO:  SELECT DISTINCT PublicationID,PressID,TemplateID,Copies,Markgroups,FanOut,Priority,ISNULL(RipSetup,''),ISNULL(StackPosition,''),ISNULL(MiscInt,0),ISNULL(MiscString,''),ISNULL(DeviceID,0),ISNULL(Hold,0),ISNULL(TxName,''),ISNULL(InsertedSections,0), ISNULL(PressSpecific,0),ISNULL(PaginationMode,0),ISNULL(SeparateRuns,0) FROM PublicationTemplates WITH (NOLOCK) WHERE PressID>0 ORDER BY PublicationID,PressID
[29-07-2014 22:52:39.598] INFO: CConfigPublicationDefaults::OnInitDialog() 0
[29-07-2014 22:56:45.494] INFO:  SELECT DISTINCT PublicationID,PressID,TemplateID,Copies,Markgroups,FanOut,Priority,ISNULL(RipSetup,''),ISNULL(StackPosition,''),ISNULL(MiscInt,0),ISNULL(MiscString,''),ISNULL(DeviceID,0),ISNULL(Hold,0),ISNULL(TxName,''),ISNULL(InsertedSections,0), ISNULL(PressSpecific,0),ISNULL(PaginationMode,0),ISNULL(SeparateRuns,0) FROM PublicationTemplates WITH (NOLOCK) WHERE PressID>0 ORDER BY PublicationID,PressID
[29-07-2014 22:56:48.338] INFO: CConfigPublicationDefaults::OnInitDialog() 0
[29-07-2014 22:56:48.338] INFO: InitiateGrid(0) 1
[29-07-2014 22:56:48.354] INFO: InitiateGrid(0) 2
[29-07-2014 22:56:48.354] INFO: InitiateGrid(0) m_broadsheetNumberOfMarkGroups=1177301605
[29-07-2014 23:04:37.004] INFO:  SELECT DISTINCT PublicationID,PressID,TemplateID,Copies,Markgroups,FanOut,Priority,ISNULL(RipSetup,''),ISNULL(StackPosition,''),ISNULL(MiscInt,0),ISNULL(MiscString,''),ISNULL(DeviceID,0),ISNULL(Hold,0),ISNULL(TxName,''),ISNULL(InsertedSections,0), ISNULL(PressSpecific,0),ISNULL(PaginationMode,0),ISNULL(SeparateRuns,0) FROM PublicationTemplates WITH (NOLOCK) WHERE PressID>0 ORDER BY PublicationID,PressID
[29-07-2014 23:04:39.349] INFO: CConfigPublicationDefaults::OnInitDialog() 0
[29-07-2014 23:04:39.364] INFO: InitiateGrid(0) 1
[29-07-2014 23:04:39.364] INFO: InitiateGrid(0) 2
[29-07-2014 23:04:39.380] INFO: InitiateGrid(0) m_broadsheetNumberOfMarkGroups=1177301605
[29-07-2014 23:09:21.803] INFO:  SELECT DISTINCT PublicationID,PressID,TemplateID,Copies,Markgroups,FanOut,Priority,ISNULL(RipSetup,''),ISNULL(StackPosition,''),ISNULL(MiscInt,0),ISNULL(MiscString,''),ISNULL(DeviceID,0),ISNULL(Hold,0),ISNULL(TxName,''),ISNULL(InsertedSections,0), ISNULL(PressSpecific,0),ISNULL(PaginationMode,0),ISNULL(SeparateRuns,0) FROM PublicationTemplates WITH (NOLOCK) WHERE PressID>0 ORDER BY PublicationID,PressID
[29-07-2014 23:09:24.718] INFO: CConfigPublicationDefaults::OnInitDialog() 0
[29-07-2014 23:09:24.727] INFO: InitiateGrid(0) 1
[29-07-2014 23:09:24.733] INFO: InitiateGrid(0) 2
[29-07-2014 23:09:24.739] INFO: InitiateGrid(0) m_broadsheetNumberOfMarkGroups=0
[29-07-2014 23:09:24.745] INFO: InitiateGrid(0) 3
[29-07-2014 23:09:24.758] INFO: CConfigPublicationDefaults::OnInitDialog() 0.5
[29-07-2014 23:09:24.766] INFO: CConfigPublicationDefaults::OnInitDialog() 1
[29-07-2014 23:09:24.790] INFO: CConfigPublicationDefaults::OnInitDialog() 2
[29-07-2014 23:09:46.544] INFO: UnloadImposeDll()....
[30-07-2014 15:04:21.170] INFO: UnloadImposeDll()....
[30-07-2014 15:05:02.114] INFO: UnloadImposeDll()....
[30-07-2014 15:21:09.158] INFO: UnloadImposeDll()....
[30-07-2014 21:17:59.100] INFO:  SELECT DISTINCT PublicationID,PressID,TemplateID,Copies,Markgroups,FanOut,Priority,ISNULL(RipSetup,''),ISNULL(StackPosition,''),ISNULL(MiscInt,0),ISNULL(MiscString,''),ISNULL(DeviceID,0),ISNULL(Hold,0),ISNULL(TxName,''),ISNULL(InsertedSections,0), ISNULL(PressSpecific,0),ISNULL(PaginationMode,0),ISNULL(SeparateRuns,0) FROM PublicationTemplates WITH (NOLOCK) WHERE PressID>0 ORDER BY PublicationID,PressID
[30-07-2014 21:18:36.786] INFO:  SELECT DISTINCT PublicationID,PressID,TemplateID,Copies,Markgroups,FanOut,Priority,ISNULL(RipSetup,''),ISNULL(StackPosition,''),ISNULL(MiscInt,0),ISNULL(MiscString,''),ISNULL(DeviceID,0),ISNULL(Hold,0),ISNULL(TxName,''),ISNULL(InsertedSections,0), ISNULL(PressSpecific,0),ISNULL(PaginationMode,0),ISNULL(SeparateRuns,0) FROM PublicationTemplates WITH (NOLOCK) WHERE PressID>0 ORDER BY PublicationID,PressID
[30-07-2014 21:18:39.995] INFO: UnloadImposeDll()....
[30-07-2014 21:19:24.041] INFO:  SELECT DISTINCT PublicationID,PressID,TemplateID,Copies,Markgroups,FanOut,Priority,ISNULL(RipSetup,''),ISNULL(StackPosition,''),ISNULL(MiscInt,0),ISNULL(MiscString,''),ISNULL(DeviceID,0),ISNULL(Hold,0),ISNULL(TxName,''),ISNULL(InsertedSections,0), ISNULL(PressSpecific,0),ISNULL(PaginationMode,0),ISNULL(SeparateRuns,0) FROM PublicationTemplates WITH (NOLOCK) WHERE PressID>0 ORDER BY PublicationID,PressID
[30-07-2014 21:24:50.417] INFO:  SELECT DISTINCT PublicationID,PressID,TemplateID,Copies,Markgroups,FanOut,Priority,ISNULL(RipSetup,''),ISNULL(StackPosition,''),ISNULL(MiscInt,0),ISNULL(MiscString,''),ISNULL(DeviceID,0),ISNULL(Hold,0),ISNULL(TxName,''),ISNULL(InsertedSections,0), ISNULL(PressSpecific,0),ISNULL(PaginationMode,0),ISNULL(SeparateRuns,0) FROM PublicationTemplates WITH (NOLOCK) WHERE PressID>0 ORDER BY PublicationID,PressID
[30-07-2014 21:24:54.712] INFO:  SELECT DISTINCT PublicationID,PressID,TemplateID,Copies,Markgroups,FanOut,Priority,ISNULL(RipSetup,''),ISNULL(StackPosition,''),ISNULL(MiscInt,0),ISNULL(MiscString,''),ISNULL(DeviceID,0),ISNULL(Hold,0),ISNULL(TxName,''),ISNULL(InsertedSections,0), ISNULL(PressSpecific,0),ISNULL(PaginationMode,0),ISNULL(SeparateRuns,0) FROM PublicationTemplates WITH (NOLOCK) WHERE PressID>0 ORDER BY PublicationID,PressID
[30-07-2014 21:26:44.761] INFO: UnloadImposeDll()....
[30-07-2014 21:30:43.626] INFO: UnloadImposeDll()....
[30-07-2014 22:20:42.848] INFO: UnloadImposeDll()....
[31-07-2014 21:54:51.028] INFO: UnloadImposeDll()....
[01-08-2014 08:50:17.695] INFO: UnloadImposeDll()....
[01-08-2014 12:42:11.597] INFO: UnloadImposeDll()....
[03-08-2014 20:04:19.831] INFO: UnloadImposeDll()....
[03-08-2014 20:05:31.570] INFO: UnloadImposeDll()....
[03-08-2014 20:09:26.410] INFO: UnloadImposeDll()....
[03-08-2014 20:40:25.362] INFO: UnloadImposeDll()....
[04-08-2014 07:50:23.874] INFO: UnloadImposeDll()....
[04-08-2014 22:16:00.637] INFO: UnloadImposeDll()....
[05-08-2014 10:15:18.470] INFO: UnloadImposeDll()....
[06-08-2014 11:15:40.319] INFO: UnloadImposeDll()....
[07-08-2014 09:49:55.092] INFO:  SELECT DISTINCT PublicationID,PressID,TemplateID,Copies,Markgroups,FanOut,Priority,ISNULL(RipSetup,''),ISNULL(StackPosition,''),ISNULL(MiscInt,0),ISNULL(MiscString,''),ISNULL(DeviceID,0),ISNULL(Hold,0),ISNULL(TxName,''),ISNULL(InsertedSections,0), ISNULL(PressSpecific,0),ISNULL(PaginationMode,0),ISNULL(SeparateRuns,0) FROM PublicationTemplates WITH (NOLOCK) WHERE PressID>0 ORDER BY PublicationID,PressID
[11-08-2014 06:32:29.622] INFO:  SELECT DISTINCT PublicationID,PressID,TemplateID,Copies,Markgroups,FanOut,Priority,ISNULL(RipSetup,''),ISNULL(StackPosition,''),ISNULL(MiscInt,0),ISNULL(MiscString,''),ISNULL(DeviceID,0),ISNULL(Hold,0),ISNULL(TxName,''),ISNULL(InsertedSections,0), ISNULL(PressSpecific,0),ISNULL(PaginationMode,0),ISNULL(SeparateRuns,0) FROM PublicationTemplates WITH (NOLOCK) WHERE PressID>0 ORDER BY PublicationID,PressID
[11-08-2014 06:50:54.105] INFO: UnloadImposeDll()....
[11-08-2014 07:23:28.419] INFO: UnloadImposeDll()....
[11-08-2014 11:57:37.213] INFO: UnloadImposeDll()....
[12-08-2014 02:59:07.189] INFO:  SELECT DISTINCT PublicationID,PressID,TemplateID,Copies,Markgroups,FanOut,Priority,ISNULL(RipSetup,''),ISNULL(StackPosition,''),ISNULL(MiscInt,0),ISNULL(MiscString,''),ISNULL(DeviceID,0),ISNULL(Hold,0),ISNULL(TxName,''),ISNULL(InsertedSections,0), ISNULL(PressSpecific,0),ISNULL(PaginationMode,0),ISNULL(SeparateRuns,0) FROM PublicationTemplates WITH (NOLOCK) WHERE PressID>0 ORDER BY PublicationID,PressID
[12-08-2014 03:02:08.018] INFO: UnloadImposeDll()....
[12-08-2014 07:58:11.622] INFO: UnloadImposeDll()....
[12-08-2014 08:08:28.413] INFO: UnloadImposeDll()....
[12-08-2014 08:09:28.505] INFO: UnloadImposeDll()....
[12-08-2014 08:13:59.302] INFO: UnloadImposeDll()....
[12-08-2014 08:25:17.023] INFO: UnloadImposeDll()....
[12-08-2014 08:26:14.561] INFO: UnloadImposeDll()....
[12-08-2014 08:32:22.411] INFO: UnloadImposeDll()....
[12-08-2014 13:55:14.677] INFO: UnloadImposeDll()....
[13-08-2014 07:17:16.281] INFO: UnloadImposeDll()....
[13-08-2014 07:18:25.709] INFO: UnloadImposeDll()....
[13-08-2014 07:21:59.061] INFO: UnloadImposeDll()....
[13-08-2014 09:18:22.813] INFO: UnloadImposeDll()....
[13-08-2014 11:56:33.537] INFO: UnloadImposeDll()....
[13-08-2014 11:58:40.950] INFO: UnloadImposeDll()....
[13-08-2014 12:06:38.581] INFO: UnloadImposeDll()....
[13-08-2014 13:14:28.030] INFO: UnloadImposeDll()....
[13-08-2014 14:07:44.503] INFO: UnloadImposeDll()....
[14-08-2014 04:09:31.262] INFO: UnloadImposeDll()....
[15-08-2014 08:03:28.834] INFO: UnloadImposeDll()....
[15-08-2014 13:41:59.011] INFO: UnloadImposeDll()....
[20-08-2014 09:51:50.844] INFO: UnloadImposeDll()....
[25-08-2014 08:40:40.587] INFO: UnloadImposeDll()....
[25-08-2014 09:15:45.462] INFO: UnloadImposeDll()....
[25-08-2014 09:17:48.322] INFO: UnloadImposeDll()....
[25-08-2014 09:19:54.443] INFO: UnloadImposeDll()....
[25-08-2014 09:20:54.672] INFO: UnloadImposeDll()....
[25-08-2014 09:21:19.301] INFO: UnloadImposeDll()....
[25-08-2014 09:44:52.758] INFO:  SELECT DISTINCT PublicationID,PressID,TemplateID,Copies,Markgroups,FanOut,Priority,ISNULL(RipSetup,''),ISNULL(StackPosition,''),ISNULL(MiscInt,0),ISNULL(MiscString,''),ISNULL(DeviceID,0),ISNULL(Hold,0),ISNULL(TxName,''),ISNULL(InsertedSections,0), ISNULL(PressSpecific,0),ISNULL(PaginationMode,0),ISNULL(SeparateRuns,0) FROM PublicationTemplates WITH (NOLOCK) WHERE PressID>0 ORDER BY PublicationID,PressID
[25-08-2014 09:48:30.336] INFO: UnloadImposeDll()....
[25-08-2014 09:50:10.374] INFO: UnloadImposeDll()....
[25-08-2014 09:56:11.068] INFO: UnloadImposeDll()....
[25-08-2014 10:00:11.505] INFO: UnloadImposeDll()....
[25-08-2014 10:02:56.880] INFO: UnloadImposeDll()....
[25-08-2014 10:03:28.438] INFO: UnloadImposeDll()....
[25-08-2014 10:04:52.441] INFO: UnloadImposeDll()....
[25-08-2014 10:06:21.129] INFO: UnloadImposeDll()....
[25-08-2014 10:06:48.989] INFO: UnloadImposeDll()....
[25-08-2014 11:42:35.490] INFO: UnloadImposeDll()....
[25-08-2014 15:15:16.375] INFO: UnloadImposeDll()....
[26-08-2014 11:28:57.336] INFO: UnloadImposeDll()....
[26-08-2014 11:38:29.450] INFO: UnloadImposeDll()....
[02-09-2014 12:09:50.419] INFO: UnloadImposeDll()....
[02-09-2014 15:41:47.393] INFO: UnloadImposeDll()....
[10-09-2014 14:38:42.286] INFO: UnloadImposeDll()....
[12-09-2014 08:48:49.435] INFO: UnloadImposeDll()....
[20-01-2015 09:36:49.384] INFO: UnloadImposeDll()....
[20-01-2015 09:40:53.279] INFO:  SELECT DISTINCT PublicationID,PressID,TemplateID,Copies,Markgroups,FanOut,Priority,ISNULL(RipSetup,''),ISNULL(StackPosition,''),ISNULL(MiscInt,0),ISNULL(MiscString,''),ISNULL(DeviceID,0),ISNULL(Hold,0),ISNULL(TxName,''),ISNULL(InsertedSections,0), ISNULL(PressSpecific,0),ISNULL(PaginationMode,0),ISNULL(SeparateRuns,0) FROM PublicationTemplates WITH (NOLOCK) WHERE PressID>0 ORDER BY PublicationID,PressID
[20-01-2015 09:40:59.850] INFO:  SELECT DISTINCT PublicationID,PressID,TemplateID,Copies,Markgroups,FanOut,Priority,ISNULL(RipSetup,''),ISNULL(StackPosition,''),ISNULL(MiscInt,0),ISNULL(MiscString,''),ISNULL(DeviceID,0),ISNULL(Hold,0),ISNULL(TxName,''),ISNULL(InsertedSections,0), ISNULL(PressSpecific,0),ISNULL(PaginationMode,0),ISNULL(SeparateRuns,0) FROM PublicationTemplates WITH (NOLOCK) WHERE PressID>0 ORDER BY PublicationID,PressID
[20-01-2015 09:58:46.790] INFO:  SELECT DISTINCT PublicationID,PressID,TemplateID,Copies,Markgroups,FanOut,Priority,ISNULL(RipSetup,''),ISNULL(StackPosition,''),ISNULL(MiscInt,0),ISNULL(MiscString,''),ISNULL(DeviceID,0),ISNULL(Hold,0),ISNULL(TxName,''),ISNULL(InsertedSections,0), ISNULL(PressSpecific,0),ISNULL(PaginationMode,0),ISNULL(SeparateRuns,0) FROM PublicationTemplates WITH (NOLOCK) WHERE PressID>0 ORDER BY PublicationID,PressID
[20-01-2015 10:00:52.113] INFO:  SELECT DISTINCT PublicationID,PressID,TemplateID,Copies,Markgroups,FanOut,Priority,ISNULL(RipSetup,''),ISNULL(StackPosition,''),ISNULL(MiscInt,0),ISNULL(MiscString,''),ISNULL(DeviceID,0),ISNULL(Hold,0),ISNULL(TxName,''),ISNULL(InsertedSections,0), ISNULL(PressSpecific,0),ISNULL(PaginationMode,0),ISNULL(SeparateRuns,0) FROM PublicationTemplates WITH (NOLOCK) WHERE PressID>0 ORDER BY PublicationID,PressID
[20-01-2015 10:08:20.382] INFO: UnloadImposeDll()....
[20-01-2015 10:10:17.123] INFO: UnloadImposeDll()....
[20-01-2015 10:38:31.073] INFO: UnloadImposeDll()....
[20-01-2015 12:20:53.954] INFO: UnloadImposeDll()....
[21-01-2015 13:21:55.570] INFO: UnloadImposeDll()....
[22-01-2015 11:38:30.461] INFO: UnloadImposeDll()....
[22-01-2015 11:39:22.265] INFO: UnloadImposeDll()....
[22-01-2015 11:41:04.505] INFO: UnloadImposeDll()....
[22-01-2015 11:44:33.063] INFO: UnloadImposeDll()....
[22-01-2015 11:44:58.868] INFO: UnloadImposeDll()....
[22-01-2015 13:28:29.431] INFO: UnloadImposeDll()....
[26-01-2015 14:45:23.535] INFO: UnloadImposeDll()....
[27-01-2015 12:40:33.389] INFO:  SELECT DISTINCT PublicationID,PressID,TemplateID,Copies,Markgroups,FanOut,Priority,ISNULL(RipSetup,''),ISNULL(StackPosition,''),ISNULL(MiscInt,0),ISNULL(MiscString,''),ISNULL(DeviceID,0),ISNULL(Hold,0),ISNULL(TxName,''),ISNULL(InsertedSections,0), ISNULL(PressSpecific,0),ISNULL(PaginationMode,0),ISNULL(SeparateRuns,0) FROM PublicationTemplates WITH (NOLOCK) WHERE PressID>0 ORDER BY PublicationID,PressID
[27-01-2015 12:40:51.042] INFO:  SELECT DISTINCT PublicationID,PressID,TemplateID,Copies,Markgroups,FanOut,Priority,ISNULL(RipSetup,''),ISNULL(StackPosition,''),ISNULL(MiscInt,0),ISNULL(MiscString,''),ISNULL(DeviceID,0),ISNULL(Hold,0),ISNULL(TxName,''),ISNULL(InsertedSections,0), ISNULL(PressSpecific,0),ISNULL(PaginationMode,0),ISNULL(SeparateRuns,0) FROM PublicationTemplates WITH (NOLOCK) WHERE PressID>0 ORDER BY PublicationID,PressID
[27-01-2015 13:34:55.420] INFO:  SELECT DISTINCT PublicationID,PressID,TemplateID,Copies,Markgroups,FanOut,Priority,ISNULL(RipSetup,''),ISNULL(StackPosition,''),ISNULL(MiscInt,0),ISNULL(MiscString,''),ISNULL(DeviceID,0),ISNULL(Hold,0),ISNULL(TxName,''),ISNULL(InsertedSections,0), ISNULL(PressSpecific,0),ISNULL(PaginationMode,0),ISNULL(SeparateRuns,0) FROM PublicationTemplates WITH (NOLOCK) WHERE PressID>0 ORDER BY PublicationID,PressID
[27-01-2015 14:39:29.854] INFO: UnloadImposeDll()....
[28-01-2015 08:19:03.546] INFO: UnloadImposeDll()....
[28-01-2015 09:32:28.123] INFO: UnloadImposeDll()....
[28-01-2015 12:28:55.067] INFO: UnloadImposeDll()....
[28-01-2015 15:34:32.389] INFO: UnloadImposeDll()....
[29-01-2015 13:57:15.482] INFO: UnloadImposeDll()....
[29-01-2015 14:13:14.380] INFO: UnloadImposeDll()....
[30-01-2015 11:21:00.639] INFO: UnloadImposeDll()....
[30-01-2015 11:59:57.193] INFO: UnloadImposeDll()....
[30-01-2015 12:03:17.805] INFO:  SELECT DISTINCT PublicationID,PressID,TemplateID,Copies,Markgroups,FanOut,Priority,ISNULL(RipSetup,''),ISNULL(StackPosition,''),ISNULL(MiscInt,0),ISNULL(MiscString,''),ISNULL(DeviceID,0),ISNULL(Hold,0),ISNULL(TxName,''),ISNULL(InsertedSections,0), ISNULL(PressSpecific,0),ISNULL(PaginationMode,0),ISNULL(SeparateRuns,0) FROM PublicationTemplates WITH (NOLOCK) WHERE PressID>0 ORDER BY PublicationID,PressID
[30-01-2015 12:36:33.826] INFO: UnloadImposeDll()....
[01-02-2015 20:02:37.833] INFO: UnloadImposeDll()....
[02-02-2015 13:39:48.829] INFO: UnloadImposeDll()....
[02-02-2015 14:29:00.920] INFO: UnloadImposeDll()....
[02-02-2015 16:28:28.123] INFO: UnloadImposeDll()....
[03-02-2015 11:20:17.789] INFO: UnloadImposeDll()....
[03-02-2015 11:22:41.975] INFO: UnloadImposeDll()....
[03-02-2015 12:29:25.643] INFO: UnloadImposeDll()....
[04-02-2015 20:57:11.299] INFO: UnloadImposeDll()....
[05-02-2015 10:02:43.395] INFO: UnloadImposeDll()....
[05-02-2015 14:40:18.026] INFO: UnloadImposeDll()....
[06-02-2015 11:41:51.423] INFO: UnloadImposeDll()....
[10-02-2015 09:27:22.440] INFO: UnloadImposeDll()....
[10-02-2015 15:11:05.621] INFO: UnloadImposeDll()....
[12-02-2015 09:22:16.107] INFO: UnloadImposeDll()....
[12-02-2015 14:46:43.737] INFO: UnloadImposeDll()....
[12-02-2015 18:51:42.362] INFO: UnloadImposeDll()....
[13-02-2015 08:03:54.081] INFO: UnloadImposeDll()....
[13-02-2015 10:57:34.323] INFO: UnloadImposeDll()....
[16-02-2015 08:51:02.755] INFO: UnloadImposeDll()....
[16-02-2015 12:26:22.242] INFO: UnloadImposeDll()....
[19-02-2015 14:48:49.737] INFO: UnloadImposeDll()....
[19-02-2015 15:14:44.066] INFO: UnloadImposeDll()....
[22-02-2015 21:09:15.524] INFO: UnloadImposeDll()....
[23-02-2015 16:31:45.542] INFO: UnloadImposeDll()....
[23-02-2015 18:30:44.410] INFO: UnloadImposeDll()....
[25-02-2015 14:25:02.710] INFO: UnloadImposeDll()....
[25-02-2015 15:43:54.130] INFO: UnloadImposeDll()....
[25-02-2015 20:00:53.023] INFO: UnloadImposeDll()....
[27-02-2015 12:44:57.844] INFO: UnloadImposeDll()....
[27-02-2015 14:14:16.595] INFO: UnloadImposeDll()....
[02-03-2015 10:11:00.446] INFO: UnloadImposeDll()....
[03-03-2015 07:08:42.640] INFO: UnloadImposeDll()....
[03-03-2015 08:23:49.226] INFO: UnloadImposeDll()....
[06-07-2015 11:17:11.010] INFO: UnloadImposeDll()....
[07-07-2015 08:37:07.290] INFO: UnloadImposeDll()....
[07-07-2015 08:38:07.815] INFO: UnloadImposeDll()....
[07-07-2015 11:40:48.885] INFO: UnloadImposeDll()....
[07-07-2015 17:28:54.934] INFO: UnloadImposeDll()....
[07-07-2015 17:31:53.471] INFO: UnloadImposeDll()....
[07-07-2015 17:54:47.119] INFO: UnloadImposeDll()....
[07-07-2015 17:56:14.871] INFO: UnloadImposeDll()....
[07-07-2015 18:28:18.354] INFO: UnloadImposeDll()....
[07-07-2015 18:31:34.585] INFO: UnloadImposeDll()....
[07-07-2015 19:35:59.113] INFO: UnloadImposeDll()....
[08-07-2015 05:31:03.233] INFO: UnloadImposeDll()....
[08-07-2015 05:48:13.678] INFO: UnloadImposeDll()....
[08-07-2015 07:49:50.009] INFO: Loading new Section name 1 A
[08-07-2015 07:55:13.204] INFO: UnloadImposeDll()....
[08-07-2015 07:57:58.377] INFO: UnloadImposeDll()....
[08-07-2015 09:31:00.585] INFO: UnloadImposeDll()....
[08-07-2015 11:05:35.381] INFO: UnloadImposeDll()....
[08-07-2015 12:14:33.582] INFO: UnloadImposeDll()....
[09-07-2015 09:54:51.577] INFO: UnloadImposeDll()....
[09-07-2015 11:22:29.870] INFO: UnloadImposeDll()....
[12-07-2015 19:26:05.123] INFO: UnloadImposeDll()....
[12-07-2015 20:53:34.010] INFO: UnloadImposeDll()....
[13-07-2015 07:01:38.030] INFO: UnloadImposeDll()....
[13-07-2015 11:53:22.980] INFO: UnloadImposeDll()....
[13-07-2015 11:56:19.381] INFO: UnloadImposeDll()....
[13-07-2015 12:00:24.721] INFO: UnloadImposeDll()....
[13-07-2015 12:04:21.050] INFO: UnloadImposeDll()....
[13-07-2015 12:04:48.964] INFO: UnloadImposeDll()....
[13-07-2015 12:06:27.331] INFO: UnloadImposeDll()....
[13-07-2015 21:11:31.639] INFO: UnloadImposeDll()....
[13-07-2015 21:12:17.752] INFO: UnloadImposeDll()....
[13-07-2015 21:21:11.296] INFO: UnloadImposeDll()....
[13-07-2015 21:32:58.546] INFO: UnloadImposeDll()....
[13-07-2015 21:33:44.579] INFO: UnloadImposeDll()....
[14-07-2015 09:21:46.034] INFO: UnloadImposeDll()....
[14-07-2015 20:01:05.548] INFO: UnloadImposeDll()....
[29-07-2015 20:34:44.856] INFO: UnloadImposeDll()....
[03-08-2015 13:04:31.151] INFO: UnloadImposeDll()....
[10-09-2015 12:44:36.414] INFO: UnloadImposeDll()....
[13-10-2015 09:20:05.958] INFO: Loading new Section name 1 A
